[2023-12-12 14:27:13] request.INFO: Matched route "api_translation_value_edit". {"route":"api_translation_value_edit","route_parameters":{"_controller":"prestashop.core.api.translation.controller:translationEditAction","_legacy_controller":"AdminTranslations","_route":"api_translation_value_edit"},"request_uri":"http://localhost:8080/admin_fashionables/index.php/api/translations/edit?_token=Ipl1llzzbqUVibRj7x1My1q31cMRqolkRzrCCFl_o5A","method":"POST"} []
[2023-12-12 14:27:13] security.DEBUG: Read existing security token from the session. {"key":"_security_main","token_class":"Symfony\\Component\\Security\\Core\\Authentication\\Token\\UsernamePasswordToken"} []
[2023-12-12 14:27:13] security.DEBUG: User was reloaded from a user provider. {"provider":"PrestaShopBundle\\Security\\Admin\\EmployeeProvider","username":"marta.prestashop@outlook.com"} []
[2023-12-12 14:27:13] app.ERROR: No result was found for query although at least one row was expected. {"object_type":"Translation"} []
[2023-12-12 14:27:13] app.ERROR: No result was found for query although at least one row was expected. {"object_type":"Translation"} []
[2023-12-12 14:27:13] app.ERROR: You must specify as many arguments (%d, %s ...) as the original string. {"object_type":"Translation"} []
[2023-12-12 14:27:14] cache.WARNING: Failed to clear the cache {"exception":"[object] (UnexpectedValueException(code: 0): RecursiveDirectoryIterator::__construct(/var/www/html/var/cache/prod/pools/oF4uGKF1Zr/): failed to open dir: No such file or directory at /var/www/html/vendor/symfony/symfony/src/Symfony/Component/Cache/Traits/FilesystemCommonTrait.php:58)"} []
[2023-12-12 14:27:14] cache.WARNING: Failed to clear the cache {"exception":"[object] (UnexpectedValueException(code: 0): RecursiveDirectoryIterator::__construct(/var/www/html/var/cache/prod/pools/k0V7XpDK96/): failed to open dir: No such file or directory at /var/www/html/vendor/symfony/symfony/src/Symfony/Component/Cache/Traits/FilesystemCommonTrait.php:58)"} []
[2023-12-12 14:27:14] cache.WARNING: Failed to clear the cache {"exception":"[object] (UnexpectedValueException(code: 0): RecursiveDirectoryIterator::__construct(/var/www/html/var/cache/prod/pools/+si9XZUmcI/): failed to open dir: No such file or directory at /var/www/html/vendor/symfony/symfony/src/Symfony/Component/Cache/Traits/FilesystemCommonTrait.php:58)"} []
[2023-12-12 14:27:14] cache.WARNING: Failed to clear the cache {"exception":"[object] (UnexpectedValueException(code: 0): RecursiveDirectoryIterator::__construct(/var/www/html/var/cache/prod/pools/o2NSV3WKIW/): failed to open dir: No such file or directory at /var/www/html/vendor/symfony/symfony/src/Symfony/Component/Cache/Traits/FilesystemCommonTrait.php:58)"} []
[2023-12-12 14:27:14] security.DEBUG: Stored the security token in the session. {"key":"_security_main"} []
[2023-12-12 14:27:44] request.INFO: Matched route "api_translation_value_edit". {"route":"api_translation_value_edit","route_parameters":{"_controller":"prestashop.core.api.translation.controller:translationEditAction","_legacy_controller":"AdminTranslations","_route":"api_translation_value_edit"},"request_uri":"http://localhost:8080/admin_fashionables/index.php/api/translations/edit?_token=Ipl1llzzbqUVibRj7x1My1q31cMRqolkRzrCCFl_o5A","method":"POST"} []
[2023-12-12 14:27:44] security.DEBUG: Read existing security token from the session. {"key":"_security_main","token_class":"Symfony\\Component\\Security\\Core\\Authentication\\Token\\UsernamePasswordToken"} []
[2023-12-12 14:27:44] security.DEBUG: User was reloaded from a user provider. {"provider":"PrestaShopBundle\\Security\\Admin\\EmployeeProvider","username":"marta.prestashop@outlook.com"} []
[2023-12-12 14:27:44] app.ERROR: No result was found for query although at least one row was expected. {"object_type":"Translation"} []
[2023-12-12 14:27:44] app.ERROR: You must specify as many arguments (%d, %s ...) as the original string. {"object_type":"Translation"} []
[2023-12-12 14:27:44] cache.WARNING: Failed to clear the cache {"exception":"[object] (UnexpectedValueException(code: 0): RecursiveDirectoryIterator::__construct(/var/www/html/var/cache/prod/pools/oF4uGKF1Zr/): failed to open dir: No such file or directory at /var/www/html/vendor/symfony/symfony/src/Symfony/Component/Cache/Traits/FilesystemCommonTrait.php:58)"} []
[2023-12-12 14:27:44] cache.WARNING: Failed to clear the cache {"exception":"[object] (UnexpectedValueException(code: 0): RecursiveDirectoryIterator::__construct(/var/www/html/var/cache/prod/pools/k0V7XpDK96/): failed to open dir: No such file or directory at /var/www/html/vendor/symfony/symfony/src/Symfony/Component/Cache/Traits/FilesystemCommonTrait.php:58)"} []
[2023-12-12 14:27:44] cache.WARNING: Failed to clear the cache {"exception":"[object] (UnexpectedValueException(code: 0): RecursiveDirectoryIterator::__construct(/var/www/html/var/cache/prod/pools/+si9XZUmcI/): failed to open dir: No such file or directory at /var/www/html/vendor/symfony/symfony/src/Symfony/Component/Cache/Traits/FilesystemCommonTrait.php:58)"} []
[2023-12-12 14:27:44] cache.WARNING: Failed to clear the cache {"exception":"[object] (UnexpectedValueException(code: 0): RecursiveDirectoryIterator::__construct(/var/www/html/var/cache/prod/pools/o2NSV3WKIW/): failed to open dir: No such file or directory at /var/www/html/vendor/symfony/symfony/src/Symfony/Component/Cache/Traits/FilesystemCommonTrait.php:58)"} []
[2023-12-12 14:27:44] security.DEBUG: Stored the security token in the session. {"key":"_security_main"} []
[2023-12-12 14:36:01] request.INFO: Matched route "api_translation_value_edit". {"route":"api_translation_value_edit","route_parameters":{"_controller":"prestashop.core.api.translation.controller:translationEditAction","_legacy_controller":"AdminTranslations","_route":"api_translation_value_edit"},"request_uri":"http://localhost:8080/admin_fashionables/index.php/api/translations/edit?_token=Ipl1llzzbqUVibRj7x1My1q31cMRqolkRzrCCFl_o5A","method":"POST"} []
[2023-12-12 14:36:01] security.DEBUG: Read existing security token from the session. {"key":"_security_main","token_class":"Symfony\\Component\\Security\\Core\\Authentication\\Token\\UsernamePasswordToken"} []
[2023-12-12 14:36:01] security.DEBUG: User was reloaded from a user provider. {"provider":"PrestaShopBundle\\Security\\Admin\\EmployeeProvider","username":"marta.prestashop@outlook.com"} []
[2023-12-12 14:36:02] app.ERROR: No result was found for query although at least one row was expected. {"object_type":"Translation"} []
[2023-12-12 14:36:02] app.ERROR: No result was found for query although at least one row was expected. {"object_type":"Translation"} []
[2023-12-12 14:36:02] app.ERROR: No result was found for query although at least one row was expected. {"object_type":"Translation"} []
[2023-12-12 14:36:02] app.ERROR: No result was found for query although at least one row was expected. {"object_type":"Translation"} []
[2023-12-12 14:36:02] cache.WARNING: Failed to clear the cache {"exception":"[object] (UnexpectedValueException(code: 0): RecursiveDirectoryIterator::__construct(/var/www/html/var/cache/prod/pools/oF4uGKF1Zr/): failed to open dir: No such file or directory at /var/www/html/vendor/symfony/symfony/src/Symfony/Component/Cache/Traits/FilesystemCommonTrait.php:58)"} []
[2023-12-12 14:36:02] cache.WARNING: Failed to clear the cache {"exception":"[object] (UnexpectedValueException(code: 0): RecursiveDirectoryIterator::__construct(/var/www/html/var/cache/prod/pools/k0V7XpDK96/): failed to open dir: No such file or directory at /var/www/html/vendor/symfony/symfony/src/Symfony/Component/Cache/Traits/FilesystemCommonTrait.php:58)"} []
[2023-12-12 14:36:02] cache.WARNING: Failed to clear the cache {"exception":"[object] (UnexpectedValueException(code: 0): RecursiveDirectoryIterator::__construct(/var/www/html/var/cache/prod/pools/+si9XZUmcI/): failed to open dir: No such file or directory at /var/www/html/vendor/symfony/symfony/src/Symfony/Component/Cache/Traits/FilesystemCommonTrait.php:58)"} []
[2023-12-12 14:36:02] cache.WARNING: Failed to clear the cache {"exception":"[object] (UnexpectedValueException(code: 0): RecursiveDirectoryIterator::__construct(/var/www/html/var/cache/prod/pools/o2NSV3WKIW/): failed to open dir: No such file or directory at /var/www/html/vendor/symfony/symfony/src/Symfony/Component/Cache/Traits/FilesystemCommonTrait.php:58)"} []
[2023-12-12 14:36:02] security.DEBUG: Stored the security token in the session. {"key":"_security_main"} []
